<?xml version="1.0" encoding="UTF-8"?>
<testng-results skipped="0" failed="0" total="1" passed="1">
  <reporter-output>
  </reporter-output>
  <suite name="Default suite" duration-ms="21610" started-at="2020-07-27T03:46:39Z" finished-at="2020-07-27T03:47:00Z">
    <groups>
    </groups>
    <test name="Default test" duration-ms="21610" started-at="2020-07-27T03:46:39Z" finished-at="2020-07-27T03:47:00Z">
      <class name="com.linkedIn.qa.testcases.SignupPage">
        <test-method status="PASS" signature="setUp()[pri:0, instance:com.linkedIn.qa.testcases.SignupPage@5442a311]" name="setUp" is-config="true" duration-ms="21546" started-at="2020-07-27T09:16:39Z" finished-at="2020-07-27T09:17:00Z">
          <reporter-output>
          </reporter-output>
        </test-method> <!-- setUp -->
        <test-method status="PASS" signature="sugnupPage()[pri:1, instance:com.linkedIn.qa.testcases.SignupPage@5442a311]" name="sugnupPage" duration-ms="18" started-at="2020-07-27T09:17:00Z" finished-at="2020-07-27T09:17:00Z">
          <reporter-output>
          </reporter-output>
        </test-method> <!-- sugnupPage -->
      </class> <!-- com.linkedIn.qa.testcases.SignupPage -->
    </test> <!-- Default test -->
  </suite> <!-- Default suite -->
</testng-results>
